{"/media/edson-ubuntu/Data1/Astra/calculadora-ipu/src/core/constants/ipuConstants.ts": {"path":"/media/edson-ubuntu/Data1/Astra/calculadora-ipu/src/core/constants/ipuConstants.ts","statementMap":{"0":{"start":{"line":4,"column":13},"end":{"line":10,"column":11}}},"fnMap":{},"branchMap":{},"s":{"0":1},"f":{},"b":{}}
,"/media/edson-ubuntu/Data1/Astra/calculadora-ipu/src/core/formatters/numberFormatter.ts": {"path":"/media/edson-ubuntu/Data1/Astra/calculadora-ipu/src/core/formatters/numberFormatter.ts","statementMap":{"0":{"start":{"line":9,"column":32},"end":{"line":16,"column":1}},"1":{"start":{"line":10,"column":2},"end":{"line":10,"column":68}},"2":{"start":{"line":10,"column":31},"end":{"line":10,"column":68}},"3":{"start":{"line":12,"column":2},"end":{"line":15,"column":5}},"4":{"start":{"line":2,"column":0},"end":{"line":2,"column":62}},"5":{"start":{"line":3,"column":0},"end":{"line":3,"column":34}},"6":{"start":{"line":12,"column":25},"end":{"line":19,"column":1}},"7":{"start":{"line":13,"column":4},"end":{"line":14,"column":45}},"8":{"start":{"line":14,"column":8},"end":{"line":14,"column":45}},"9":{"start":{"line":15,"column":4},"end":{"line":18,"column":7}},"10":{"start":{"line":20,"column":0},"end":{"line":20,"column":44}}},"fnMap":{"0":{"name":"(anonymous_0)","decl":{"start":{"line":9,"column":32},"end":{"line":9,"column":33}},"loc":{"start":{"line":9,"column":59},"end":{"line":16,"column":1}},"line":9},"1":{"name":"(anonymous_0)","decl":{"start":{"line":12,"column":25},"end":{"line":12,"column":26}},"loc":{"start":{"line":12,"column":36},"end":{"line":19,"column":1}},"line":12}},"branchMap":{"0":{"loc":{"start":{"line":10,"column":2},"end":{"line":10,"column":68}},"type":"if","locations":[{"start":{"line":10,"column":2},"end":{"line":10,"column":68}},{"start":{},"end":{}}],"line":10},"1":{"loc":{"start":{"line":13,"column":4},"end":{"line":14,"column":45}},"type":"if","locations":[{"start":{"line":13,"column":4},"end":{"line":14,"column":45}},{"start":{},"end":{}}],"line":13}},"s":{"0":1,"1":4,"2":4,"3":0,"4":1,"5":1,"6":1,"7":7,"8":2,"9":5,"10":1},"f":{"0":4,"1":7},"b":{"0":[4,0],"1":[2,5]},"_coverageSchema":"1a1c01bbd47fc00a2c39e90264f33305004495a9","hash":"ba58f6288f79114479aff8837b02819ab9dc5772"}
,"/media/edson-ubuntu/Data1/Astra/calculadora-ipu/src/core/parsers/numberParser.ts": {"path":"/media/edson-ubuntu/Data1/Astra/calculadora-ipu/src/core/parsers/numberParser.ts","statementMap":{"0":{"start":{"line":8,"column":2},"end":{"line":8,"column":23}},"1":{"start":{"line":8,"column":14},"end":{"line":8,"column":23}},"2":{"start":{"line":10,"column":21},"end":{"line":12,"column":22}},"3":{"start":{"line":14,"column":17},"end":{"line":14,"column":35}},"4":{"start":{"line":16,"column":2},"end":{"line":16,"column":45}},"5":{"start":{"line":2,"column":0},"end":{"line":2,"column":62}},"6":{"start":{"line":3,"column":0},"end":{"line":3,"column":34}},"7":{"start":{"line":11,"column":4},"end":{"line":12,"column":17}},"8":{"start":{"line":12,"column":8},"end":{"line":12,"column":17}},"9":{"start":{"line":13,"column":23},"end":{"line":15,"column":26}},"10":{"start":{"line":16,"column":19},"end":{"line":16,"column":37}},"11":{"start":{"line":17,"column":4},"end":{"line":17,"column":47}}},"fnMap":{"0":{"name":"parseNumber","decl":{"start":{"line":7,"column":16},"end":{"line":7,"column":27}},"loc":{"start":{"line":7,"column":51},"end":{"line":17,"column":1}},"line":7},"1":{"name":"parseNumber","decl":{"start":{"line":10,"column":9},"end":{"line":10,"column":20}},"loc":{"start":{"line":10,"column":28},"end":{"line":18,"column":1}},"line":10}},"branchMap":{"0":{"loc":{"start":{"line":8,"column":2},"end":{"line":8,"column":23}},"type":"if","locations":[{"start":{"line":8,"column":2},"end":{"line":8,"column":23}},{"start":{},"end":{}}],"line":8},"1":{"loc":{"start":{"line":16,"column":9},"end":{"line":16,"column":44}},"type":"cond-expr","locations":[{"start":{"line":16,"column":32},"end":{"line":16,"column":35}},{"start":{"line":16,"column":38},"end":{"line":16,"column":44}}],"line":16},"2":{"loc":{"start":{"line":11,"column":4},"end":{"line":12,"column":17}},"type":"if","locations":[{"start":{"line":11,"column":4},"end":{"line":12,"column":17}},{"start":{},"end":{}}],"line":11},"3":{"loc":{"start":{"line":17,"column":11},"end":{"line":17,"column":46}},"type":"cond-expr","locations":[{"start":{"line":17,"column":34},"end":{"line":17,"column":37}},{"start":{"line":17,"column":40},"end":{"line":17,"column":46}}],"line":17}},"s":{"0":18,"1":2,"2":16,"3":22,"4":16,"5":1,"6":1,"7":24,"8":18,"9":6,"10":22,"11":6},"f":{"0":18,"1":8},"b":{"0":[2,16],"1":[5,11],"2":[2,6],"3":[3,3]},"_coverageSchema":"1a1c01bbd47fc00a2c39e90264f33305004495a9","hash":"3e89ec47419898643fe53de22d56881c0c031e8d"}
,"/media/edson-ubuntu/Data1/Astra/calculadora-ipu/src/features/calibration/domain/calculateCalibration.ts": {"path":"/media/edson-ubuntu/Data1/Astra/calculadora-ipu/src/features/calibration/domain/calculateCalibration.ts","statementMap":{"0":{"start":{"line":14,"column":36},"end":{"line":21,"column":1}},"1":{"start":{"line":19,"column":2},"end":{"line":19,"column":35}},"2":{"start":{"line":19,"column":26},"end":{"line":19,"column":35}},"3":{"start":{"line":20,"column":2},"end":{"line":20,"column":54}},"4":{"start":{"line":14,"column":13},"end":{"line":14,"column":36}}},"fnMap":{"0":{"name":"(anonymous_0)","decl":{"start":{"line":14,"column":36},"end":{"line":14,"column":null}},"loc":{"start":{"line":18,"column":12},"end":{"line":21,"column":1}}}},"branchMap":{"0":{"loc":{"start":{"line":19,"column":2},"end":{"line":19,"column":35}},"type":"if","locations":[{"start":{"line":19,"column":2},"end":{"line":19,"column":35}},{"start":{},"end":{}}]}},"s":{"0":1,"1":2,"2":1,"3":1,"4":1},"f":{"0":2},"b":{"0":[1,1]}}
,"/media/edson-ubuntu/Data1/Astra/calculadora-ipu/src/features/ipu/domain/calculateIPU.ts": {"path":"/media/edson-ubuntu/Data1/Astra/calculadora-ipu/src/features/ipu/domain/calculateIPU.ts","statementMap":{"0":{"start":{"line":1,"column":0},"end":{"line":1,"column":62}},"1":{"start":{"line":15,"column":28},"end":{"line":17,"column":1}},"2":{"start":{"line":16,"column":2},"end":{"line":16,"column":65}},"3":{"start":{"line":15,"column":13},"end":{"line":15,"column":28}}},"fnMap":{"0":{"name":"(anonymous_0)","decl":{"start":{"line":15,"column":28},"end":{"line":15,"column":29}},"loc":{"start":{"line":15,"column":75},"end":{"line":17,"column":1}}}},"branchMap":{},"s":{"0":1,"1":1,"2":4,"3":1},"f":{"0":4},"b":{}}
,"/media/edson-ubuntu/Data1/Astra/calculadora-ipu/src/hooks/useCalculatorLogic.ts": {"path":"/media/edson-ubuntu/Data1/Astra/calculadora-ipu/src/hooks/useCalculatorLogic.ts","statementMap":{"0":{"start":{"line":12,"column":34},"end":{"line":111,"column":1}},"1":{"start":{"line":13,"column":30},"end":{"line":19,"column":4}},"2":{"start":{"line":14,"column":20},"end":{"line":14,"column":43}},"3":{"start":{"line":15,"column":4},"end":{"line":17,"column":7}},"4":{"start":{"line":16,"column":6},"end":{"line":16,"column":24}},"5":{"start":{"line":18,"column":4},"end":{"line":18,"column":19}},"6":{"start":{"line":21,"column":30},"end":{"line":21,"column":59}},"7":{"start":{"line":22,"column":28},"end":{"line":22,"column":57}},"8":{"start":{"line":23,"column":40},"end":{"line":29,"column":4}},"9":{"start":{"line":24,"column":20},"end":{"line":24,"column":50}},"10":{"start":{"line":25,"column":4},"end":{"line":27,"column":7}},"11":{"start":{"line":26,"column":6},"end":{"line":26,"column":26}},"12":{"start":{"line":28,"column":4},"end":{"line":28,"column":19}},"13":{"start":{"line":31,"column":24},"end":{"line":35,"column":3}},"14":{"start":{"line":32,"column":4},"end":{"line":32,"column":53}},"15":{"start":{"line":32,"column":25},"end":{"line":32,"column":50}},"16":{"start":{"line":34,"column":4},"end":{"line":34,"column":57}},"17":{"start":{"line":34,"column":30},"end":{"line":34,"column":54}},"18":{"start":{"line":37,"column":20},"end":{"line":83,"column":3}},"19":{"start":{"line":39,"column":50},"end":{"line":39,"column":52}},"20":{"start":{"line":40,"column":4},"end":{"line":42,"column":7}},"21":{"start":{"line":41,"column":6},"end":{"line":41,"column":52}},"22":{"start":{"line":45,"column":4},"end":{"line":45,"column":19}},"23":{"start":{"line":46,"column":31},"end":{"line":46,"column":61}},"24":{"start":{"line":47,"column":4},"end":{"line":49,"column":7}},"25":{"start":{"line":48,"column":6},"end":{"line":48,"column":37}},"26":{"start":{"line":50,"column":4},"end":{"line":50,"column":39}},"27":{"start":{"line":53,"column":4},"end":{"line":78,"column":5}},"28":{"start":{"line":54,"column":25},"end":{"line":54,"column":73}},"29":{"start":{"line":55,"column":6},"end":{"line":69,"column":7}},"30":{"start":{"line":56,"column":31},"end":{"line":56,"column":56}},"31":{"start":{"line":57,"column":8},"end":{"line":62,"column":11}},"32":{"start":{"line":58,"column":23},"end":{"line":58,"column":41}},"33":{"start":{"line":59,"column":10},"end":{"line":61,"column":11}},"34":{"start":{"line":60,"column":12},"end":{"line":60,"column":49}},"35":{"start":{"line":63,"column":8},"end":{"line":63,"column":39}},"36":{"start":{"line":66,"column":8},"end":{"line":66,"column":53}},"37":{"start":{"line":67,"column":8},"end":{"line":67,"column":24}},"38":{"start":{"line":68,"column":8},"end":{"line":68,"column":15}},"39":{"start":{"line":72,"column":21},"end":{"line":72,"column":82}},"40":{"start":{"line":72,"column":64},"end":{"line":72,"column":81}},"41":{"start":{"line":73,"column":6},"end":{"line":77,"column":7}},"42":{"start":{"line":74,"column":8},"end":{"line":74,"column":38}},"43":{"start":{"line":75,"column":8},"end":{"line":75,"column":24}},"44":{"start":{"line":76,"column":8},"end":{"line":76,"column":15}},"45":{"start":{"line":80,"column":23},"end":{"line":80,"column":69}},"46":{"start":{"line":80,"column":50},"end":{"line":80,"column":68}},"47":{"start":{"line":81,"column":18},"end":{"line":81,"column":51}},"48":{"start":{"line":82,"column":4},"end":{"line":82,"column":39}},"49":{"start":{"line":85,"column":16},"end":{"line":100,"column":3}},"50":{"start":{"line":86,"column":4},"end":{"line":92,"column":7}},"51":{"start":{"line":87,"column":22},"end":{"line":87,"column":45}},"52":{"start":{"line":88,"column":6},"end":{"line":90,"column":9}},"53":{"start":{"line":89,"column":8},"end":{"line":89,"column":26}},"54":{"start":{"line":91,"column":6},"end":{"line":91,"column":21}},"55":{"start":{"line":93,"column":31},"end":{"line":93,"column":61}},"56":{"start":{"line":94,"column":4},"end":{"line":96,"column":7}},"57":{"start":{"line":95,"column":6},"end":{"line":95,"column":37}},"58":{"start":{"line":97,"column":4},"end":{"line":97,"column":39}},"59":{"start":{"line":98,"column":4},"end":{"line":98,"column":20}},"60":{"start":{"line":99,"column":4},"end":{"line":99,"column":19}},"61":{"start":{"line":102,"column":2},"end":{"line":110,"column":4}}},"fnMap":{"0":{"name":"(anonymous_0)","decl":{"start":{"line":12,"column":34},"end":{"line":12,"column":35}},"loc":{"start":{"line":12,"column":85},"end":{"line":111,"column":1}},"line":12},"1":{"name":"(anonymous_1)","decl":{"start":{"line":13,"column":58},"end":{"line":13,"column":59}},"loc":{"start":{"line":13,"column":64},"end":{"line":19,"column":3}},"line":13},"2":{"name":"(anonymous_2)","decl":{"start":{"line":15,"column":26},"end":{"line":15,"column":27}},"loc":{"start":{"line":15,"column":35},"end":{"line":17,"column":5}},"line":15},"3":{"name":"(anonymous_3)","decl":{"start":{"line":23,"column":75},"end":{"line":23,"column":76}},"loc":{"start":{"line":23,"column":81},"end":{"line":29,"column":3}},"line":23},"4":{"name":"(anonymous_4)","decl":{"start":{"line":25,"column":26},"end":{"line":25,"column":27}},"loc":{"start":{"line":25,"column":35},"end":{"line":27,"column":5}},"line":25},"5":{"name":"(anonymous_5)","decl":{"start":{"line":31,"column":24},"end":{"line":31,"column":25}},"loc":{"start":{"line":31,"column":51},"end":{"line":35,"column":3}},"line":31},"6":{"name":"(anonymous_6)","decl":{"start":{"line":32,"column":14},"end":{"line":32,"column":15}},"loc":{"start":{"line":32,"column":25},"end":{"line":32,"column":50}},"line":32},"7":{"name":"(anonymous_7)","decl":{"start":{"line":34,"column":19},"end":{"line":34,"column":20}},"loc":{"start":{"line":34,"column":30},"end":{"line":34,"column":54}},"line":34},"8":{"name":"(anonymous_8)","decl":{"start":{"line":37,"column":20},"end":{"line":37,"column":21}},"loc":{"start":{"line":37,"column":26},"end":{"line":83,"column":3}},"line":37},"9":{"name":"(anonymous_9)","decl":{"start":{"line":40,"column":26},"end":{"line":40,"column":27}},"loc":{"start":{"line":40,"column":35},"end":{"line":42,"column":5}},"line":40},"10":{"name":"(anonymous_10)","decl":{"start":{"line":47,"column":26},"end":{"line":47,"column":27}},"loc":{"start":{"line":47,"column":35},"end":{"line":49,"column":5}},"line":47},"11":{"name":"(anonymous_11)","decl":{"start":{"line":57,"column":40},"end":{"line":57,"column":41}},"loc":{"start":{"line":57,"column":51},"end":{"line":62,"column":9}},"line":57},"12":{"name":"(anonymous_12)","decl":{"start":{"line":72,"column":55},"end":{"line":72,"column":56}},"loc":{"start":{"line":72,"column":64},"end":{"line":72,"column":81}},"line":72},"13":{"name":"(anonymous_13)","decl":{"start":{"line":80,"column":41},"end":{"line":80,"column":42}},"loc":{"start":{"line":80,"column":50},"end":{"line":80,"column":68}},"line":80},"14":{"name":"(anonymous_14)","decl":{"start":{"line":85,"column":16},"end":{"line":85,"column":17}},"loc":{"start":{"line":85,"column":22},"end":{"line":100,"column":3}},"line":85},"15":{"name":"(anonymous_15)","decl":{"start":{"line":86,"column":14},"end":{"line":86,"column":15}},"loc":{"start":{"line":86,"column":20},"end":{"line":92,"column":5}},"line":86},"16":{"name":"(anonymous_16)","decl":{"start":{"line":88,"column":28},"end":{"line":88,"column":29}},"loc":{"start":{"line":88,"column":37},"end":{"line":90,"column":7}},"line":88},"17":{"name":"(anonymous_17)","decl":{"start":{"line":94,"column":26},"end":{"line":94,"column":27}},"loc":{"start":{"line":94,"column":35},"end":{"line":96,"column":5}},"line":94}},"branchMap":{"0":{"loc":{"start":{"line":53,"column":4},"end":{"line":78,"column":5}},"type":"if","locations":[{"start":{"line":53,"column":4},"end":{"line":78,"column":5}},{"start":{"line":70,"column":11},"end":{"line":78,"column":5}}],"line":53},"1":{"loc":{"start":{"line":55,"column":6},"end":{"line":69,"column":7}},"type":"if","locations":[{"start":{"line":55,"column":6},"end":{"line":69,"column":7}},{"start":{},"end":{}}],"line":55},"2":{"loc":{"start":{"line":59,"column":10},"end":{"line":61,"column":11}},"type":"if","locations":[{"start":{"line":59,"column":10},"end":{"line":61,"column":11}},{"start":{},"end":{}}],"line":59},"3":{"loc":{"start":{"line":59,"column":14},"end":{"line":59,"column":50}},"type":"binary-expr","locations":[{"start":{"line":59,"column":14},"end":{"line":59,"column":18}},{"start":{"line":59,"column":22},"end":{"line":59,"column":50}}],"line":59},"4":{"loc":{"start":{"line":73,"column":6},"end":{"line":77,"column":7}},"type":"if","locations":[{"start":{"line":73,"column":6},"end":{"line":77,"column":7}},{"start":{},"end":{}}],"line":73}},"s":{"0":1,"1":30,"2":10,"3":10,"4":20,"5":10,"6":30,"7":30,"8":30,"9":10,"10":10,"11":20,"12":10,"13":30,"14":18,"15":18,"16":18,"17":18,"18":30,"19":9,"20":9,"21":18,"22":9,"23":9,"24":9,"25":18,"26":9,"27":9,"28":3,"29":3,"30":2,"31":2,"32":2,"33":2,"34":2,"35":2,"36":2,"37":2,"38":2,"39":6,"40":9,"41":6,"42":3,"43":3,"44":3,"45":4,"46":8,"47":4,"48":4,"49":30,"50":1,"51":1,"52":1,"53":2,"54":1,"55":1,"56":1,"57":2,"58":1,"59":1,"60":1,"61":30},"f":{"0":30,"1":10,"2":20,"3":10,"4":20,"5":18,"6":18,"7":18,"8":9,"9":18,"10":18,"11":2,"12":9,"13":8,"14":1,"15":1,"16":2,"17":2},"b":{"0":[3,6],"1":[2,1],"2":[2,0],"3":[2,2],"4":[3,3]},"_coverageSchema":"1a1c01bbd47fc00a2c39e90264f33305004495a9","hash":"a708fd19d94317ba3521672f01b241e7f97e6a57"}
}
