TN:
SF:src/core/constants/ipuConstants.ts
FNF:0
FNH:0
DA:4,1
LF:1
LH:1
BRF:0
BRH:0
end_of_record
TN:
SF:src/core/formatters/numberFormatter.ts
FN:9,(anonymous_0)
FN:12,(anonymous_0)
FNF:2
FNH:2
FNDA:4,(anonymous_0)
FNDA:7,(anonymous_0)
DA:2,1
DA:3,1
DA:9,1
DA:10,4
DA:12,1
DA:13,7
DA:14,2
DA:15,5
DA:20,1
LF:9
LH:9
BRDA:10,0,0,4
BRDA:10,0,1,0
BRDA:13,1,0,2
BRDA:13,1,1,5
BRF:4
BRH:3
end_of_record
TN:
SF:src/core/parsers/numberParser.ts
FN:7,parseNumber
FN:10,parseNumber
FNF:2
FNH:2
FNDA:18,parseNumber
FNDA:8,parseNumber
DA:2,1
DA:3,1
DA:8,18
DA:10,16
DA:11,24
DA:12,18
DA:13,6
DA:14,22
DA:16,22
DA:17,6
LF:10
LH:10
BRDA:8,0,0,2
BRDA:8,0,1,16
BRDA:16,1,0,5
BRDA:16,1,1,11
BRDA:11,2,0,2
BRDA:11,2,1,6
BRDA:17,3,0,3
BRDA:17,3,1,3
BRF:8
BRH:8
end_of_record
TN:
SF:src/features/calibration/domain/calculateCalibration.ts
FN:14,(anonymous_0)
FNF:1
FNH:1
FNDA:2,(anonymous_0)
DA:14,1
DA:19,2
DA:20,1
LF:3
LH:3
BRDA:19,0,0,1
BRDA:19,0,1,1
BRF:2
BRH:2
end_of_record
TN:
SF:src/features/ipu/domain/calculateIPU.ts
FN:15,(anonymous_0)
FNF:1
FNH:1
FNDA:4,(anonymous_0)
DA:1,1
DA:15,1
DA:16,4
LF:3
LH:3
BRF:0
BRH:0
end_of_record
TN:
SF:src/hooks/useCalculatorLogic.ts
FN:12,(anonymous_0)
FN:13,(anonymous_1)
FN:15,(anonymous_2)
FN:23,(anonymous_3)
FN:25,(anonymous_4)
FN:31,(anonymous_5)
FN:32,(anonymous_6)
FN:34,(anonymous_7)
FN:37,(anonymous_8)
FN:40,(anonymous_9)
FN:47,(anonymous_10)
FN:57,(anonymous_11)
FN:72,(anonymous_12)
FN:80,(anonymous_13)
FN:85,(anonymous_14)
FN:86,(anonymous_15)
FN:88,(anonymous_16)
FN:94,(anonymous_17)
FNF:18
FNH:18
FNDA:30,(anonymous_0)
FNDA:10,(anonymous_1)
FNDA:20,(anonymous_2)
FNDA:10,(anonymous_3)
FNDA:20,(anonymous_4)
FNDA:18,(anonymous_5)
FNDA:18,(anonymous_6)
FNDA:18,(anonymous_7)
FNDA:9,(anonymous_8)
FNDA:18,(anonymous_9)
FNDA:18,(anonymous_10)
FNDA:2,(anonymous_11)
FNDA:9,(anonymous_12)
FNDA:8,(anonymous_13)
FNDA:1,(anonymous_14)
FNDA:1,(anonymous_15)
FNDA:2,(anonymous_16)
FNDA:2,(anonymous_17)
DA:12,1
DA:13,30
DA:14,10
DA:15,10
DA:16,20
DA:18,10
DA:21,30
DA:22,30
DA:23,30
DA:24,10
DA:25,10
DA:26,20
DA:28,10
DA:31,30
DA:32,18
DA:34,18
DA:37,30
DA:39,9
DA:40,9
DA:41,18
DA:45,9
DA:46,9
DA:47,9
DA:48,18
DA:50,9
DA:53,9
DA:54,3
DA:55,3
DA:56,2
DA:57,2
DA:58,2
DA:59,2
DA:60,2
DA:63,2
DA:66,2
DA:67,2
DA:68,2
DA:72,9
DA:73,6
DA:74,3
DA:75,3
DA:76,3
DA:80,8
DA:81,4
DA:82,4
DA:85,30
DA:86,1
DA:87,1
DA:88,1
DA:89,2
DA:91,1
DA:93,1
DA:94,1
DA:95,2
DA:97,1
DA:98,1
DA:99,1
DA:102,30
LF:58
LH:58
BRDA:53,0,0,3
BRDA:53,0,1,6
BRDA:55,1,0,2
BRDA:55,1,1,1
BRDA:59,2,0,2
BRDA:59,2,1,0
BRDA:59,3,0,2
BRDA:59,3,1,2
BRDA:73,4,0,3
BRDA:73,4,1,3
BRF:10
BRH:9
end_of_record
